2026-07-06 22:20:39,136 INFO command=review create trade_date=2026-07-06 framework=stock-review.md output=reports\daily\2026-07-06_review.md step_count=10 status=created
2026-07-06 22:22:28,895 INFO command=review create trade_date=2026-07-06 framework=stock-review.md output=reports\daily\2026-07-06_review.md step_count=10 status=created
2026-07-07 20:10:39,534 INFO command=evidence import trade_date=2026-07-06 source_file=data\evidence\2026-07-06_sample.json output=data\evidence\2026-07-06_snapshot.json missing_fields= status=created
2026-07-07 20:11:44,022 INFO command=evidence import trade_date=2026-07-06 source_file=data\evidence\2026-07-06_sample.json output=data\evidence\2026-07-06_snapshot.json missing_fields= status=created
2026-07-07 20:12:27,710 INFO command=evidence import trade_date=2026-07-06 source_file=data\evidence\2026-07-06_sample.json output=data\evidence\2026-07-06_snapshot.json missing_fields= status=created
2026-07-07 20:21:34,356 INFO command=review create trade_date=2026-07-07 framework=stock-review.md evidence= output=reports\daily\2026-07-07_review.md step_count=10 status=created
2026-07-07 20:21:34,365 INFO command=review create trade_date=2026-07-06 framework=stock-review.md evidence=data\evidence\2026-07-06_snapshot.json output=reports\daily\2026-07-06_review.md step_count=10 status=created
2026-07-07 20:23:18,734 INFO command=review create trade_date=2026-07-06 framework=stock-review.md evidence=data\evidence\2026-07-06_snapshot.json output=reports\daily\2026-07-06_review.md step_count=10 status=created
2026-07-07 20:23:18,768 INFO command=review create trade_date=2026-07-07 framework=stock-review.md evidence= output=reports\daily\2026-07-07_review.md step_count=10 status=created
2026-07-07 20:33:43,997 INFO command=pool add pool_type=watch code=000001 start_date=2026-07-06 database=data\stock_review.sqlite status=created
2026-07-07 20:33:44,009 INFO command=pool add pool_type=hot code=600519 start_date=2026-07-06 database=data\stock_review.sqlite status=created
2026-07-07 21:35:03,086 INFO command=plan create trade_date=2026-07-06 review=reports\daily\2026-07-06_review.md evidence=data\evidence\2026-07-06_snapshot.json output=reports\daily\2026-07-06_plan.md item_count=2 status=created
2026-07-07 21:35:03,163 INFO command=plan create trade_date=2026-07-07 review=reports\daily\2026-07-07_review.md evidence= output=reports\daily\2026-07-07_plan.md item_count=2 status=created
2026-07-07 21:36:41,149 INFO command=plan create trade_date=2026-07-06 review=reports\daily\2026-07-06_review.md evidence=data\evidence\2026-07-06_snapshot.json output=reports\daily\2026-07-06_plan.md item_count=2 status=created
2026-07-08 21:49:54,646 INFO command=evidence collect trade_date=2026-07-06 source_file=akshare:market output=data\evidence\2026-07-06_snapshot.json missing_fields=missing_total_amount,missing_sentiment,missing_sectors,missing_stocks status=created
2026-07-08 21:57:33,974 INFO command=evidence collect trade_date=2026-07-06 source_file=akshare:market output=data\evidence\2026-07-06_snapshot.json missing_fields=missing_sentiment,missing_sectors,missing_stocks status=created
2026-07-08 22:00:49,039 INFO command=review create trade_date=2026-07-06 framework=stock-review.md evidence=data\evidence\2026-07-06_snapshot.json output=reports\daily\2026-07-06_review.md step_count=10 status=created
2026-07-08 22:04:39,446 INFO command=review create trade_date=2026-07-06 framework=stock-review.md evidence=data\evidence\2026-07-06_sample.json output=reports\daily\2026-07-06_review.md step_count=10 status=created
2026-07-08 22:06:02,148 INFO command=review create trade_date=2026-07-06 framework=stock-review.md evidence=data\evidence\2026-07-06_sample.json output=reports\daily\2026-07-06_review.md step_count=10 status=created
2026-07-08 22:16:11,246 INFO command=evidence collect trade_date=2026-07-06 source_file=akshare:sentiment output=data\evidence\2026-07-06_snapshot.json missing_fields=missing_sentiment,missing_sectors,missing_stocks status=created
2026-07-08 22:17:54,099 INFO command=evidence collect trade_date=2026-07-06 source_file=akshare:sentiment output=data\evidence\2026-07-06_snapshot.json missing_fields=missing_emotion_temperature,missing_sectors,missing_stocks status=created
2026-07-08 22:18:10,608 INFO command=review create trade_date=2026-07-06 framework=stock-review.md evidence=data\evidence\2026-07-06_snapshot.json output=reports\daily\2026-07-06_review.md step_count=10 status=created
2026-07-08 22:19:41,593 INFO command=evidence collect trade_date=2026-07-06 source_file=akshare:sentiment output=data\evidence\2026-07-06_snapshot.json missing_fields=missing_emotion_temperature,missing_sectors,missing_stocks status=created
2026-07-08 22:33:01,615 INFO command=evidence collect trade_date=2026-07-06 source_file=akshare:sectors output=data\evidence\2026-07-06_snapshot.json missing_fields=missing_emotion_temperature,missing_stocks status=created
2026-07-08 22:33:18,851 INFO command=review create trade_date=2026-07-06 framework=stock-review.md evidence=data\evidence\2026-07-06_snapshot.json output=reports\daily\2026-07-06_review.md step_count=10 status=created
2026-07-09 21:39:35,017 INFO command=evidence collect trade_date=2026-07-06 source_file=akshare:stocks output=data\evidence\2026-07-06_snapshot.json missing_fields=missing_emotion_temperature status=created
2026-07-09 21:39:47,371 INFO command=review create trade_date=2026-07-06 framework=stock-review.md evidence=data\evidence\2026-07-06_snapshot.json output=reports\daily\2026-07-06_review.md step_count=10 status=created
2026-07-09 21:40:32,496 INFO command=evidence collect trade_date=2026-07-06 source_file=akshare:stocks output=data\evidence\2026-07-06_snapshot.json missing_fields=missing_emotion_temperature status=created
2026-07-09 21:40:32,662 INFO command=review create trade_date=2026-07-06 framework=stock-review.md evidence=data\evidence\2026-07-06_snapshot.json output=reports\daily\2026-07-06_review.md step_count=10 status=created
